<?xml version="1.0" encoding="UTF-8"?>
<!-- Generated by org.testng.reporters.JUnitXMLReporter -->
<testsuite ignored="0" hostname="DESKTOP-2PNO6S9" failures="0" tests="8" name="Star War Api Test Casses" time="10.737" errors="0" timestamp="2021-03-16T21:47:32 EDT">
  <testcase classname="projectApiAutomation.CharacterListTest" name="getCharacterListTest" time="3.513"/>
  <testcase classname="projectApiAutomation.ListOfPlanetsTest" name="getPlanetListTest" time="0.916"/>
  <testcase classname="projectApiAutomation.SpecificCharactersListTest" name="getCharacterDetailPeople1Test" time="1.834"/>
  <testcase classname="projectApiAutomation.SpecificCharactersListTest" name="getCharacterDetailPeople2Test" time="0.934"/>
  <testcase classname="projectApiAutomation.SpecificCharactersListTest" name="getCharacterDetailPeople3Test" time="0.767"/>
  <testcase classname="projectApiAutomation.SpecifiedPlanetDetailsTest" name="getCharacterDetailPeople1Test" time="0.796"/>
  <testcase classname="projectApiAutomation.SpecifiedPlanetDetailsTest" name="getCharacterDetailPeople2Test" time="0.925"/>
  <testcase classname="projectApiAutomation.SpecifiedPlanetDetailsTest" name="getCharacterDetailPeople3Test" time="0.972"/>
</testsuite> <!-- Star War Api Test Casses -->
