<?xml version="1.0" encoding="UTF-8"?>
<!-- Generated by org.testng.reporters.JUnitXMLReporter -->
<testsuite ignored="2" hostname="DESKTOP-2PNO6S9" failures="0" tests="1" name="Default test" time="3.509" errors="0" timestamp="2021-03-16T22:02:26 EDT">
  <testcase classname="projectApiAutomation.SpecifiedPlanetDetailsTest" name="getCharacterDetailPeople3Test" time="3.462"/>
  <testcase classname="projectApiAutomation.SpecifiedPlanetDetailsTest" name="getCharacterDetailPeople1Test" time="0.0">
    <ignored/>
  </testcase> <!-- getCharacterDetailPeople1Test -->
  <testcase classname="projectApiAutomation.SpecifiedPlanetDetailsTest" name="getCharacterDetailPeople2Test" time="0.0">
    <ignored/>
  </testcase> <!-- getCharacterDetailPeople2Test -->
</testsuite> <!-- Default test -->
