<?xml version="1.0" encoding="UTF-8"?>
<testng-results ignored="2" total="3" passed="1" failed="0" skipped="0">
  <reporter-output>
  </reporter-output>
  <suite started-at="2021-03-16T22:02:23 EDT" name="Default suite" finished-at="2021-03-16T22:02:26 EDT" duration-ms="3509">
    <groups>
    </groups>
    <test started-at="2021-03-16T22:02:23 EDT" name="Default test" finished-at="2021-03-16T22:02:26 EDT" duration-ms="3509">
      <class name="projectApiAutomation.SpecifiedPlanetDetailsTest">
        <test-method signature="getCharacterDetailPeople3Test()[pri:3, instance:projectApiAutomation.SpecifiedPlanetDetailsTest@2fb3536e]" started-at="2021-03-16T22:02:23 EDT" name="getCharacterDetailPeople3Test" finished-at="2021-03-16T22:02:26 EDT" duration-ms="3462" status="PASS">
          <reporter-output>
          </reporter-output>
        </test-method> <!-- getCharacterDetailPeople3Test -->
      </class> <!-- projectApiAutomation.SpecifiedPlanetDetailsTest -->
    </test> <!-- Default test -->
  </suite> <!-- Default suite -->
</testng-results>
